Crashlog created at 2012-10-10 14:11:08 +0900

=== MESSAGE:

NoMethodError: undefined method `merge' for nil:NilClass

=== COMPILATION STACK:

  - [item]   /doc/nav/ (rep default)

=== BACKTRACE:

  0. C:/Ruby193/lib/ruby/gems/1.9.1/gems/nanoc-3.4.1/lib/nanoc/base/compilation/item_rep_proxy.rb:67:in `layout'
  1. C:/Ruby193/lib/ruby/gems/1.9.1/gems/nanoc-3.4.1/lib/nanoc/base/compilation/rule_context.rb:67:in `layout'
  2. ./Rules:31:in `block in load'
  3. C:/Ruby193/lib/ruby/gems/1.9.1/gems/nanoc-3.4.1/lib/nanoc/base/compilation/rule.rb:68:in `instance_eval'
  4. C:/Ruby193/lib/ruby/gems/1.9.1/gems/nanoc-3.4.1/lib/nanoc/base/compilation/rule.rb:68:in `apply_to'
  5. C:/Ruby193/lib/ruby/gems/1.9.1/gems/nanoc-3.4.1/lib/nanoc/base/compilation/compiler.rb:381:in `compile_rep'
  6. C:/Ruby193/lib/ruby/gems/1.9.1/gems/nanoc-3.4.1/lib/nanoc/base/compilation/compiler.rb:337:in `block in compile_reps'
  7. C:/Ruby193/lib/ruby/gems/1.9.1/gems/nanoc-3.4.1/lib/nanoc/base/compilation/compiler.rb:330:in `loop'
  8. C:/Ruby193/lib/ruby/gems/1.9.1/gems/nanoc-3.4.1/lib/nanoc/base/compilation/compiler.rb:330:in `compile_reps'
  9. C:/Ruby193/lib/ruby/gems/1.9.1/gems/nanoc-3.4.1/lib/nanoc/base/compilation/compiler.rb:85:in `run'
  10. C:/Ruby193/lib/ruby/gems/1.9.1/gems/nanoc-3.4.1/lib/nanoc/base/source_data/site.rb:58:in `compile'
  11. C:/Ruby193/lib/ruby/gems/1.9.1/gems/nanoc-3.4.1/lib/nanoc/cli/commands/compile.rb:65:in `run'
  12. C:/Ruby193/lib/ruby/gems/1.9.1/gems/nanoc-3.4.1/lib/nanoc/cli/command_runner.rb:14:in `block in call'
  13. C:/Ruby193/lib/ruby/gems/1.9.1/gems/nanoc-3.4.1/lib/nanoc/cli/error_handler.rb:63:in `handle_while'
  14. C:/Ruby193/lib/ruby/gems/1.9.1/gems/nanoc-3.4.1/lib/nanoc/cli/error_handler.rb:26:in `handle_while'
  15. C:/Ruby193/lib/ruby/gems/1.9.1/gems/nanoc-3.4.1/lib/nanoc/cli/command_runner.rb:13:in `call'
  16. C:/Ruby193/lib/ruby/gems/1.9.1/gems/cri-2.3.0/lib/cri/command_dsl.rb:185:in `block in runner'
  17. C:/Ruby193/lib/ruby/gems/1.9.1/gems/cri-2.3.0/lib/cri/command.rb:296:in `call'
  18. C:/Ruby193/lib/ruby/gems/1.9.1/gems/cri-2.3.0/lib/cri/command.rb:296:in `run_this'
  19. C:/Ruby193/lib/ruby/gems/1.9.1/gems/cri-2.3.0/lib/cri/command.rb:249:in `run'
  20. C:/Ruby193/lib/ruby/gems/1.9.1/gems/nanoc-3.4.1/lib/nanoc/cli/commands/nanoc.rb:39:in `block in define'
  21. C:/Ruby193/lib/ruby/gems/1.9.1/gems/cri-2.3.0/lib/cri/command.rb:296:in `call'
  22. C:/Ruby193/lib/ruby/gems/1.9.1/gems/cri-2.3.0/lib/cri/command.rb:296:in `run_this'
  23. C:/Ruby193/lib/ruby/gems/1.9.1/gems/cri-2.3.0/lib/cri/command.rb:249:in `run'
  24. C:/Ruby193/lib/ruby/gems/1.9.1/gems/nanoc-3.4.1/lib/nanoc/cli.rb:53:in `block in run'
  25. C:/Ruby193/lib/ruby/gems/1.9.1/gems/nanoc-3.4.1/lib/nanoc/cli/error_handler.rb:63:in `handle_while'
  26. C:/Ruby193/lib/ruby/gems/1.9.1/gems/nanoc-3.4.1/lib/nanoc/cli/error_handler.rb:26:in `handle_while'
  27. C:/Ruby193/lib/ruby/gems/1.9.1/gems/nanoc-3.4.1/lib/nanoc/cli.rb:50:in `run'
  28. C:/Ruby193/lib/ruby/gems/1.9.1/gems/nanoc-3.4.1/bin/nanoc:19:in `<top (required)>'
  29. C:/Ruby193/bin/nanoc:23:in `load'
  30. C:/Ruby193/bin/nanoc:23:in `<main>'

=== VERSION INFORMATION:

nanoc 3.4.1 © 2007-2012 Denis Defreyne.
Running ruby 1.9.3 (2012-04-20) on i386-mingw32 with RubyGems 1.8.23.

=== SYSTEM INFORMATION:

MINGW32_NT-6.1 USER1-PC 1.0.12(0.46/3/2) 2011-07-20 17:52 i686 unknown

=== INSTALLED GEMS:

  addressable 2.3.2
  adsf 1.1.1
  awesome_print 1.1.0
  bigdecimal 1.1.0
  bootstrap-sass 2.1.0.0
  bouncy-castle-java 1.5.0146.1
  builder 2.1.2
  bundle 0.0.1
  bundler 1.2.1
  chunky_png 1.2.6
  coffee-script 2.2.0
  coffee-script-source 1.3.3
  colored 1.2
  compass 0.12.2
  cri 2.3.0
  deadweight 0.2.1
  execjs 1.4.0
  fssm 0.2.9
  git 1.2.5
  haml 3.1.4
  io-console 0.3
  jruby-openssl 0.7.7
  jruby-pageant 1.1.1
  jsmin 1.0.1
  json 1.5.4
  kramdown 0.14.0
  lucene 0.5.0.beta.1
  mime-types 1.16
  minitest 2.5.1
  multi_json 1.3.6
  nanoc 3.4.1
  nanoc-cachebuster 0.1.2
  nanoc3 3.2.2
  net-ftp-list 3.2.5
  net-sftp 2.0.5
  net-ssh 2.6.0
  nokogiri 1.5.0
  plugin_manager 1.5
  rack 1.4.1
  rainpress 1.0
  rake 0.9.2.2
  rdoc 3.9.4
  redcar 0.13
  redcar-bundles 0.3
  redcar-icons 0.3
  redcar-javamateview 0.2
  redcar-jruby 0.1
  redcar-svnkit 0.2
  ruby-blockcache 0.2
  rubypants 0.2.0
  sass 3.2.1
  slim 1.3.2
  spoon 0.0.1
  swt 0.13
  temple 0.5.4
  tilt 1.3.3
  typogruby 1.0.13

=== ENVIRONMENT:

ALLUSERSPROFILE => "C:\\ProgramData"
APPDATA => "C:\\Users\\user1\\AppData\\Roaming"
COMPUTERNAME => "USER1-PC"
ComSpec => "C:\\Windows\\system32\\cmd.exe"
CommonProgramFiles => "C:\\Program Files\\Common Files"
EMC_AUTOPLAY => "c:\\Program Files\\Common Files\\Roxio Shared\\OEM\\"
FP_NO_HOST_CHECK => "NO"
HOME => "C:\\Users\\user1"
HOMEDRIVE => "C:"
HOMEPATH => "\\Users\\user1"
JAVA_HOME => "c:\\program files\\java\\jre7"
LOCALAPPDATA => "C:\\Users\\user1\\AppData\\Local"
LOGONSERVER => "\\\\USER1-PC"
MOZ_PLUGIN_PATH => "C:\\Program Files\\Foxit Software\\Foxit J-Reader Plus\\plugins\\"
NUMBER_OF_PROCESSORS => "4"
OS => "Windows_NT"
PATHEXT => ".COM;.EXE;.BAT;.CMD;.VBS;.VBE;.JS;.JSE;.WSF;.WSH;.MSC"
PROCESSOR_ARCHITECTURE => "x86"
PROCESSOR_IDENTIFIER => "x86 Family 6 Model 42 Stepping 7, GenuineIntel"
PROCESSOR_LEVEL => "6"
PROCESSOR_REVISION => "2a07"
PROMPT => "$P$G"
PSModulePath => "C:\\Windows\\system32\\WindowsPowerShell\\v1.0\\Modules\\"
PUBLIC => "C:\\Users\\Public"
Path => "C:\\Ruby193\\bin;C:\\Program Files\\Common Files\\Microsoft Shared\\Windows Live;C:\\Windows\\system32;C:\\Windows;C:\\Windows\\System32\\Wbem;C:\\Windows\\System32\\WindowsPowerShell\\v1.0\\;C:\\Program Files\\Toshiba\\Bluetooth Toshiba Stack\\sys\\;C:\\Program Files\\Intel\\Services\\IPT\\;C:\\Program Files\\Windows Live\\Shared;C:\\Program Files\\Symantec\\VIP Access Client\\;C:\\Program Files\\Intel\\WiFi\\bin\\;C:\\Program Files\\Common Files\\Intel\\WirelessCommon\\;c:\\Program Files\\Common Files\\Roxio Shared\\DLLShared\\;c:\\Program Files\\Common Files\\Roxio Shared\\OEM\\DLLShared\\;c:\\Program Files\\Common Files\\Roxio Shared\\OEM\\DLLShared\\;c:\\Program Files\\Common Files\\Roxio Shared\\OEM\\12.0\\DLLShared\\;c:\\Program Files\\Roxio 2010\\OEM\\AudioCore\\;C:\\Program Files\\Microsoft\\Web Platform Installer\\;C:\\Users\\user1\\AppData\\Roaming\\npm;C:\\Program Files\\nodejs\\;C:\\Program Files\\scala\\\\bin;C:\\Program Files\\Git\\cmd;C:\\Program Files\\Git\\bin;C:\\Program Files\\sbt\\;c:\\jruby-1.7.0.RC1\\bin;C:\\Program Files\\Intel\\WiFi\\bin\\;C:\\Program Files\\Common Files\\Intel\\WirelessCommon\\"
ProgramData => "C:\\ProgramData"
ProgramFiles => "C:\\Program Files"
RCAUTOPLAY => "c:\\Program Files\\Roxio 2010\\OEM\\Roxio Central 5\\"
SBT_HOME => "C:\\Program Files\\sbt\\"
SESSIONNAME => "Console"
SSH_AGENT_PID => "8328"
SSH_AUTH_SOCK => "/tmp/ssh-CygtVU7588/agent.7588"
SystemDrive => "C:"
SystemRoot => "C:\\Windows"
TEMP => "C:\\Users\\user1\\AppData\\Local\\Temp"
TMP => "C:\\Users\\user1\\AppData\\Local\\Temp"
USER => "user1"
USERDOMAIN => "user1-PC"
USERNAME => "user1"
USERPROFILE => "C:\\Users\\user1"
configsetroot => "C:\\Windows\\ConfigSetRoot"
windir => "C:\\Windows"

=== $LOAD_PATH:

  0. C:/Ruby193/lib/ruby/gems/1.9.1/gems/haml-3.1.4/vendor/sass/lib
  1. C:/Ruby193/lib/ruby/gems/1.9.1/gems/nanoc-3.4.1/lib
  2. C:/Ruby193/lib/ruby/gems/1.9.1/gems/colored-1.2/lib
  3. C:/Ruby193/lib/ruby/gems/1.9.1/gems/cri-2.3.0/lib
  4. C:/Ruby193/lib/ruby/gems/1.9.1/gems/nanoc-3.4.1/lib
  5. C:/Ruby193/lib/ruby/gems/1.9.1/gems/bundler-1.2.1/lib
  6. C:/Ruby193/lib/ruby/gems/1.9.1/gems/coffee-script-source-1.3.3/lib
  7. C:/Ruby193/lib/ruby/gems/1.9.1/gems/multi_json-1.3.6/lib
  8. C:/Ruby193/lib/ruby/gems/1.9.1/gems/execjs-1.4.0/lib
  9. C:/Ruby193/lib/ruby/gems/1.9.1/gems/coffee-script-2.2.0/lib
  10. C:/Ruby193/lib/ruby/gems/1.9.1/gems/nanoc-cachebuster-0.1.2/lib
  11. C:/Ruby193/lib/ruby/gems/1.9.1/gems/rubypants-0.2.0/.
  12. C:/Ruby193/lib/ruby/gems/1.9.1/gems/typogruby-1.0.13/lib
  13. C:/Ruby193/lib/ruby/gems/1.9.1/gems/haml-3.1.4/lib
  14. C:/Ruby193/lib/ruby/gems/1.9.1/gems/sass-3.2.1/lib
  15. C:/Ruby193/lib/ruby/gems/1.9.1/gems/temple-0.5.4/lib
  16. C:/Ruby193/lib/ruby/gems/1.9.1/gems/tilt-1.3.3/lib
  17. C:/Ruby193/lib/ruby/gems/1.9.1/gems/slim-1.3.2/lib
  18. C:/Ruby193/lib/ruby/site_ruby/1.9.1
  19. C:/Ruby193/lib/ruby/site_ruby/1.9.1/i386-msvcrt
  20. C:/Ruby193/lib/ruby/site_ruby
  21. C:/Ruby193/lib/ruby/vendor_ruby/1.9.1
  22. C:/Ruby193/lib/ruby/vendor_ruby/1.9.1/i386-msvcrt
  23. C:/Ruby193/lib/ruby/vendor_ruby
  24. C:/Ruby193/lib/ruby/1.9.1
  25. C:/Ruby193/lib/ruby/1.9.1/i386-mingw32
